[0.046s] Invoking command in '/home/animated/Projects/SailbotSimulation/build/water_current': CONDA_PROMPT_MODIFIER=(base) /home/animated/miniforge3/bin/cmake /home/animated/Projects/SailbotSimulation/usv_env_disturb/water_current -DCATKIN_INSTALL_INTO_PREFIX_ROOT=0 -DCMAKE_INSTALL_PREFIX=/home/animated/Projects/SailbotSimulation/install/water_current
[0.166s] [0mCMake Deprecation Warning at CMakeLists.txt:1 (cmake_minimum_required):
[0.166s]   Compatibility with CMake < 3.5 will be removed from a future version of
[0.166s]   CMake.
[0.166s] 
[0.166s]   Update the VERSION argument <min> value or use a ...<max> suffix to tell
[0.166s]   CMake that the project does not need compatibility with older versions.
[0.166s] 
[0.167s] [0m
[0.401s] -- The C compiler identification is GNU 11.4.0
[1.427s] -- The CXX compiler identification is GNU 11.4.0
[2.530s] -- Detecting C compiler ABI info
[2.748s] -- Detecting C compiler ABI info - done
[2.773s] -- Check for working C compiler: /usr/bin/cc - skipped
[2.773s] -- Detecting C compile features
[2.774s] -- Detecting C compile features - done
[2.781s] -- Detecting CXX compiler ABI info
[2.882s] Traceback (most recent call last):
[2.882s]   File "/home/animated/miniforge3/bin/cmake", line 8, in <module>
[2.882s]     sys.exit(cmake())
[2.883s]   File "/home/animated/miniforge3/lib/python3.10/site-packages/cmake/__init__.py", line 51, in cmake
[2.883s]     raise SystemExit(_program('cmake', sys.argv[1:]))
[2.883s]   File "/home/animated/miniforge3/lib/python3.10/site-packages/cmake/__init__.py", line 47, in _program
[2.883s]     return subprocess.call([os.path.join(CMAKE_BIN_DIR, name), *args], close_fds=False)
[2.883s]   File "/home/animated/miniforge3/lib/python3.10/subprocess.py", line 347, in call
[2.883s]     return p.wait(timeout=timeout)
[2.883s]   File "/home/animated/miniforge3/lib/python3.10/subprocess.py", line 1209, in wait
[2.891s]     return self._wait(timeout=timeout)
[2.891s]   File "/home/animated/miniforge3/lib/python3.10/subprocess.py", line 1959, in _wait
[2.895s]     (pid, sts) = self._try_wait(0)
[2.895s]   File "/home/animated/miniforge3/lib/python3.10/subprocess.py", line 1917, in _try_wait
[2.895s]     (pid, sts) = os.waitpid(self.pid, wait_flags)
[2.895s] KeyboardInterrupt
