[0.048s] Invoking command in '/home/animated/Projects/SailbotSimulation/build/osg_utils': CONDA_PROMPT_MODIFIER=(base) /home/animated/miniforge3/bin/cmake /home/animated/Projects/SailbotSimulation/uwsim_resources/visualization_osg/osg_utils -DCATKIN_INSTALL_INTO_PREFIX_ROOT=0 -DCMAKE_INSTALL_PREFIX=/home/animated/Projects/SailbotSimulation/install/osg_utils
[0.162s] [0mCMake Deprecation Warning at CMakeLists.txt:1 (cmake_minimum_required):
[0.162s]   Compatibility with CMake < 3.5 will be removed from a future version of
[0.162s]   CMake.
[0.162s] 
[0.162s]   Update the VERSION argument <min> value or use a ...<max> suffix to tell
[0.162s]   CMake that the project does not need compatibility with older versions.
[0.162s] 
[0.162s] [0m
[0.403s] -- The C compiler identification is GNU 11.4.0
[1.359s] -- The CXX compiler identification is GNU 11.4.0
[2.522s] -- Detecting C compiler ABI info
[2.758s] -- Detecting C compiler ABI info - done
[2.783s] -- Check for working C compiler: /usr/bin/cc - skipped
[2.783s] -- Detecting C compile features
[2.783s] -- Detecting C compile features - done
[2.791s] -- Detecting CXX compiler ABI info
[2.891s] Traceback (most recent call last):
[2.897s]   File "/home/animated/miniforge3/bin/cmake", line 8, in <module>
[2.897s]     sys.exit(cmake())
[2.897s]   File "/home/animated/miniforge3/lib/python3.10/site-packages/cmake/__init__.py", line 51, in cmake
[2.897s]     raise SystemExit(_program('cmake', sys.argv[1:]))
[2.897s]   File "/home/animated/miniforge3/lib/python3.10/site-packages/cmake/__init__.py", line 47, in _program
[2.897s]     return subprocess.call([os.path.join(CMAKE_BIN_DIR, name), *args], close_fds=False)
[2.897s]   File "/home/animated/miniforge3/lib/python3.10/subprocess.py", line 347, in call
[2.897s]     return p.wait(timeout=timeout)
[2.898s]   File "/home/animated/miniforge3/lib/python3.10/subprocess.py", line 1209, in wait
[2.898s]     return self._wait(timeout=timeout)
[2.898s]   File "/home/animated/miniforge3/lib/python3.10/subprocess.py", line 1959, in _wait
[2.898s]     (pid, sts) = self._try_wait(0)
[2.898s]   File "/home/animated/miniforge3/lib/python3.10/subprocess.py", line 1917, in _try_wait
[2.898s]     (pid, sts) = os.waitpid(self.pid, wait_flags)
[2.898s] KeyboardInterrupt
