[0mCMake Deprecation Warning at CMakeLists.txt:3 (CMAKE_MINIMUM_REQUIRED):
  Compatibility with CMake < 3.5 will be removed from a future version of
  CMake.

  Update the VERSION argument <min> value or use a ...<max> suffix to tell
  CMake that the project does not need compatibility with older versions.

[0m
Traceback (most recent call last):
  File "/home/animated/miniforge3/bin/cmake", line 8, in <module>
    sys.exit(cmake())
  File "/home/animated/miniforge3/lib/python3.10/site-packages/cmake/__init__.py", line 51, in cmake
    raise SystemExit(_program('cmake', sys.argv[1:]))
  File "/home/animated/miniforge3/lib/python3.10/site-packages/cmake/__init__.py", line 47, in _program
    return subprocess.call([os.path.join(CMAKE_BIN_DIR, name), *args], close_fds=False)
  File "/home/animated/miniforge3/lib/python3.10/subprocess.py", line 347, in call
    return p.wait(timeout=timeout)
  File "/home/animated/miniforge3/lib/python3.10/subprocess.py", line 1209, in wait
    return self._wait(timeout=timeout)
  File "/home/animated/miniforge3/lib/python3.10/subprocess.py", line 1959, in _wait
    (pid, sts) = self._try_wait(0)
  File "/home/animated/miniforge3/lib/python3.10/subprocess.py", line 1917, in _try_wait
    (pid, sts) = os.waitpid(self.pid, wait_flags)
KeyboardInterrupt
