[0.049s] Invoking command in '/home/animated/Projects/SailbotSimulation/build/osg_markers': CONDA_PROMPT_MODIFIER=(base) /home/animated/miniforge3/bin/cmake /home/animated/Projects/SailbotSimulation/uwsim_resources/visualization_osg/osg_markers -DCATKIN_INSTALL_INTO_PREFIX_ROOT=0 -DCMAKE_INSTALL_PREFIX=/home/animated/Projects/SailbotSimulation/install/osg_markers
[0.167s] [0mCMake Deprecation Warning at CMakeLists.txt:1 (cmake_minimum_required):
[0.167s]   Compatibility with CMake < 3.5 will be removed from a future version of
[0.167s]   CMake.
[0.167s] 
[0.167s]   Update the VERSION argument <min> value or use a ...<max> suffix to tell
[0.167s]   CMake that the project does not need compatibility with older versions.
[0.167s] 
[0.167s] [0m
[0.415s] -- The C compiler identification is GNU 11.4.0
[1.136s] -- The CXX compiler identification is GNU 11.4.0
[2.221s] -- Detecting C compiler ABI info
[2.451s] -- Detecting C compiler ABI info - done
[2.477s] -- Check for working C compiler: /usr/bin/cc - skipped
[2.478s] -- Detecting C compile features
[2.478s] -- Detecting C compile features - done
[2.485s] -- Detecting CXX compiler ABI info
[2.683s] -- Detecting CXX compiler ABI info - done
[2.705s] -- Check for working CXX compiler: /usr/bin/c++ - skipped
[2.705s] -- Detecting CXX compile features
[2.706s] -- Detecting CXX compile features - done
[2.899s] Traceback (most recent call last):
[2.899s]   File "/home/animated/miniforge3/bin/cmake", line 8, in <module>
[2.900s]     sys.exit(cmake())
[2.900s]   File "/home/animated/miniforge3/lib/python3.10/site-packages/cmake/__init__.py", line 51, in cmake
[2.905s]     raise SystemExit(_program('cmake', sys.argv[1:]))
[2.905s]   File "/home/animated/miniforge3/lib/python3.10/site-packages/cmake/__init__.py", line 47, in _program
[2.905s]     return subprocess.call([os.path.join(CMAKE_BIN_DIR, name), *args], close_fds=False)
[2.905s]   File "/home/animated/miniforge3/lib/python3.10/subprocess.py", line 347, in call
[2.906s]     return p.wait(timeout=timeout)
[2.906s]   File "/home/animated/miniforge3/lib/python3.10/subprocess.py", line 1209, in wait
[2.906s]     return self._wait(timeout=timeout)
[2.906s]   File "/home/animated/miniforge3/lib/python3.10/subprocess.py", line 1959, in _wait
[2.910s]     (pid, sts) = self._try_wait(0)
[2.910s]   File "/home/animated/miniforge3/lib/python3.10/subprocess.py", line 1917, in _try_wait
[2.910s]     (pid, sts) = os.waitpid(self.pid, wait_flags)
[2.910s] KeyboardInterrupt
