[0.045s] Invoking command in '/home/animated/Projects/SailbotSimulation/build/underwater_sensor_msgs': CONDA_PROMPT_MODIFIER=(base) /home/animated/miniforge3/bin/cmake /home/animated/Projects/SailbotSimulation/uwsim_resources/underwater_simulation/underwater_sensor_msgs -DCATKIN_INSTALL_INTO_PREFIX_ROOT=0 -DCMAKE_INSTALL_PREFIX=/home/animated/Projects/SailbotSimulation/install/underwater_sensor_msgs
[0.168s] [0mCMake Deprecation Warning at CMakeLists.txt:1 (cmake_minimum_required):
[0.168s]   Compatibility with CMake < 3.5 will be removed from a future version of
[0.168s]   CMake.
[0.168s] 
[0.168s]   Update the VERSION argument <min> value or use a ...<max> suffix to tell
[0.168s]   CMake that the project does not need compatibility with older versions.
[0.168s] 
[0.168s] [0m
[0.395s] -- The C compiler identification is GNU 11.4.0
[1.195s] -- The CXX compiler identification is GNU 11.4.0
[2.225s] -- Detecting C compiler ABI info
[2.494s] -- Detecting C compiler ABI info - done
[2.525s] -- Check for working C compiler: /usr/bin/cc - skipped
[2.525s] -- Detecting C compile features
[2.525s] -- Detecting C compile features - done
[2.531s] -- Detecting CXX compiler ABI info
[2.777s] -- Detecting CXX compiler ABI info - done
[2.808s] -- Check for working CXX compiler: /usr/bin/c++ - skipped
[2.809s] -- Detecting CXX compile features
[2.809s] -- Detecting CXX compile features - done
[2.875s] Traceback (most recent call last):
[2.875s]   File "/home/animated/miniforge3/bin/cmake", line 8, in <module>
[2.875s]     sys.exit(cmake())
[2.875s]   File "/home/animated/miniforge3/lib/python3.10/site-packages/cmake/__init__.py", line 51, in cmake
[2.876s]     raise SystemExit(_program('cmake', sys.argv[1:]))
[2.876s]   File "/home/animated/miniforge3/lib/python3.10/site-packages/cmake/__init__.py", line 47, in _program
[2.878s]     return subprocess.call([os.path.join(CMAKE_BIN_DIR, name), *args], close_fds=False)
[2.878s]   File "/home/animated/miniforge3/lib/python3.10/subprocess.py", line 347, in call
[2.878s]     return p.wait(timeout=timeout)
[2.879s]   File "/home/animated/miniforge3/lib/python3.10/subprocess.py", line 1209, in wait
[2.881s]     return self._wait(timeout=timeout)
[2.881s]   File "/home/animated/miniforge3/lib/python3.10/subprocess.py", line 1959, in _wait
[2.881s]     (pid, sts) = self._try_wait(0)
[2.881s]   File "/home/animated/miniforge3/lib/python3.10/subprocess.py", line 1917, in _try_wait
[2.881s]     (pid, sts) = os.waitpid(self.pid, wait_flags)
[2.882s] KeyboardInterrupt
