[0.044s] Invoking command in '/home/animated/Projects/SailbotSimulation/build/underwater_vehicle_dynamics': CONDA_PROMPT_MODIFIER=(base) /home/animated/miniforge3/bin/cmake /home/animated/Projects/SailbotSimulation/uwsim_resources/underwater_simulation/underwater_vehicle_dynamics -DCATKIN_INSTALL_INTO_PREFIX_ROOT=0 -DCMAKE_INSTALL_PREFIX=/home/animated/Projects/SailbotSimulation/install/underwater_vehicle_dynamics
[0.157s] [0mCMake Deprecation Warning at CMakeLists.txt:1 (cmake_minimum_required):
[0.157s]   Compatibility with CMake < 3.5 will be removed from a future version of
[0.157s]   CMake.
[0.157s] 
[0.157s]   Update the VERSION argument <min> value or use a ...<max> suffix to tell
[0.157s]   CMake that the project does not need compatibility with older versions.
[0.157s] 
[0.157s] [0m
[0.389s] -- The C compiler identification is GNU 11.4.0
[1.176s] -- The CXX compiler identification is GNU 11.4.0
[2.243s] -- Detecting C compiler ABI info
[2.519s] -- Detecting C compiler ABI info - done
[2.532s] -- Check for working C compiler: /usr/bin/cc - skipped
[2.533s] -- Detecting C compile features
[2.534s] -- Detecting C compile features - done
[2.547s] -- Detecting CXX compiler ABI info
[2.841s] -- Detecting CXX compiler ABI info - done
[2.885s] Traceback (most recent call last):
[2.885s]   File "/home/animated/miniforge3/bin/cmake", line 8, in <module>
[2.885s]     sys.exit(cmake())
[2.885s]   File "/home/animated/miniforge3/lib/python3.10/site-packages/cmake/__init__.py", line 51, in cmake
[2.885s]     raise SystemExit(_program('cmake', sys.argv[1:]))
[2.886s]   File "/home/animated/miniforge3/lib/python3.10/site-packages/cmake/__init__.py", line 47, in _program
[2.886s]     return subprocess.call([os.path.join(CMAKE_BIN_DIR, name), *args], close_fds=False)
[2.887s]   File "/home/animated/miniforge3/lib/python3.10/subprocess.py", line 347, in call
[2.887s]     return p.wait(timeout=timeout)
[2.887s]   File "/home/animated/miniforge3/lib/python3.10/subprocess.py", line 1209, in wait
[2.888s]     return self._wait(timeout=timeout)
[2.888s]   File "/home/animated/miniforge3/lib/python3.10/subprocess.py", line 1959, in _wait
[2.888s]     (pid, sts) = self._try_wait(0)
[2.889s]   File "/home/animated/miniforge3/lib/python3.10/subprocess.py", line 1917, in _try_wait
[2.889s]     (pid, sts) = os.waitpid(self.pid, wait_flags)
[2.889s] KeyboardInterrupt
