[0.052s] Invoking command in '/home/animated/Projects/SailbotSimulation/build/usv_tf': CONDA_PROMPT_MODIFIER=(base) /home/animated/miniforge3/bin/cmake /home/animated/Projects/SailbotSimulation/usv_tf -DCATKIN_INSTALL_INTO_PREFIX_ROOT=0 -DCMAKE_INSTALL_PREFIX=/home/animated/Projects/SailbotSimulation/install/usv_tf
[2.926s] [0mCMake Deprecation Warning at CMakeLists.txt:1 (cmake_minimum_required):
[2.927s]   Compatibility with CMake < 3.5 will be removed from a future version of
[2.927s]   CMake.
[2.927s] 
[2.927s]   Update the VERSION argument <min> value or use a ...<max> suffix to tell
[2.927s]   CMake that the project does not need compatibility with older versions.
[2.927s] 
[2.927s] [0m
[2.928s] Traceback (most recent call last):
[2.928s]   File "/home/animated/miniforge3/bin/cmake", line 8, in <module>
[2.928s]     sys.exit(cmake())
[2.928s]   File "/home/animated/miniforge3/lib/python3.10/site-packages/cmake/__init__.py", line 51, in cmake
[2.928s]     raise SystemExit(_program('cmake', sys.argv[1:]))
[2.928s]   File "/home/animated/miniforge3/lib/python3.10/site-packages/cmake/__init__.py", line 47, in _program
[2.928s]     return subprocess.call([os.path.join(CMAKE_BIN_DIR, name), *args], close_fds=False)
[2.928s]   File "/home/animated/miniforge3/lib/python3.10/subprocess.py", line 347, in call
[2.928s]     return p.wait(timeout=timeout)
[2.928s]   File "/home/animated/miniforge3/lib/python3.10/subprocess.py", line 1209, in wait
[2.928s]     return self._wait(timeout=timeout)
[2.928s]   File "/home/animated/miniforge3/lib/python3.10/subprocess.py", line 1959, in _wait
[2.928s]     (pid, sts) = self._try_wait(0)
[2.928s]   File "/home/animated/miniforge3/lib/python3.10/subprocess.py", line 1917, in _try_wait
[2.928s]     (pid, sts) = os.waitpid(self.pid, wait_flags)
[2.928s] KeyboardInterrupt
[2.928s] -- The C compiler identification is GNU 11.4.0
[2.928s] -- The CXX compiler identification is GNU 11.4.0
[2.928s] -- Detecting C compiler ABI info
[2.928s] -- Detecting C compiler ABI info - done
[2.928s] -- Check for working C compiler: /usr/bin/cc - skipped
[2.928s] -- Detecting C compile features
[2.929s] -- Detecting C compile features - done
[2.929s] -- Detecting CXX compiler ABI info
