[0.045s] Invoking command in '/home/animated/Projects/SailbotSimulation/build/wind_current': CONDA_PROMPT_MODIFIER=(base) /home/animated/miniforge3/bin/cmake /home/animated/Projects/SailbotSimulation/usv_env_disturb/wind_current -DCATKIN_INSTALL_INTO_PREFIX_ROOT=0 -DCMAKE_INSTALL_PREFIX=/home/animated/Projects/SailbotSimulation/install/wind_current
[0.164s] [0mCMake Deprecation Warning at CMakeLists.txt:1 (cmake_minimum_required):
[0.164s]   Compatibility with CMake < 3.5 will be removed from a future version of
[0.164s]   CMake.
[0.164s] 
[0.164s]   Update the VERSION argument <min> value or use a ...<max> suffix to tell
[0.164s]   CMake that the project does not need compatibility with older versions.
[0.164s] 
[0.164s] [0m
[0.398s] -- The C compiler identification is GNU 11.4.0
[1.189s] -- The CXX compiler identification is GNU 11.4.0
[2.385s] -- Detecting C compiler ABI info
[2.577s] -- Detecting C compiler ABI info - done
[2.598s] -- Check for working C compiler: /usr/bin/cc - skipped
[2.598s] -- Detecting C compile features
[2.599s] -- Detecting C compile features - done
[2.604s] -- Detecting CXX compiler ABI info
[2.863s] -- Detecting CXX compiler ABI info - done
[2.879s] Traceback (most recent call last):
[2.879s]   File "/home/animated/miniforge3/bin/cmake", line 8, in <module>
[2.882s]     sys.exit(cmake())
[2.882s]   File "/home/animated/miniforge3/lib/python3.10/site-packages/cmake/__init__.py", line 51, in cmake
[2.882s]     raise SystemExit(_program('cmake', sys.argv[1:]))
[2.882s]   File "/home/animated/miniforge3/lib/python3.10/site-packages/cmake/__init__.py", line 47, in _program
[2.883s]     return subprocess.call([os.path.join(CMAKE_BIN_DIR, name), *args], close_fds=False)
[2.883s]   File "/home/animated/miniforge3/lib/python3.10/subprocess.py", line 347, in call
[2.883s]     return p.wait(timeout=timeout)
[2.883s]   File "/home/animated/miniforge3/lib/python3.10/subprocess.py", line 1209, in wait
[2.884s]     return self._wait(timeout=timeout)
[2.884s]   File "/home/animated/miniforge3/lib/python3.10/subprocess.py", line 1959, in _wait
[2.884s]     (pid, sts) = self._try_wait(0)
[2.884s]   File "/home/animated/miniforge3/lib/python3.10/subprocess.py", line 1917, in _try_wait
[2.889s]     (pid, sts) = os.waitpid(self.pid, wait_flags)
[2.889s] KeyboardInterrupt
